Copyright 1986-2021 Xilinx, Inc. All Rights Reserved.
-------------------------------------------------------------------------------------------------------------------------------------------
| Tool Version     : Vivado v.2021.1 (win64) Build 3247384 Thu Jun 10 19:36:33 MDT 2021
| Date             : Sun Nov 21 22:30:09 2021
| Host             : DESKTOP-JCIFBS1 running 64-bit major release  (build 9200)
| Command          : report_power -file ESFATop_power_routed.rpt -pb ESFATop_power_summary_routed.pb -rpx ESFATop_power_routed.rpx
| Design           : ESFATop
| Device           : xc7s25csga324-1
| Design State     : routed
| Grade            : commercial
| Process          : typical
| Characterization : Production
-------------------------------------------------------------------------------------------------------------------------------------------

Power Report

Table of Contents
-----------------
1. Summary
1.1 On-Chip Components
1.2 Power Supply Summary
1.3 Confidence Level
2. Settings
2.1 Environment
2.2 Clock Constraints
3. Detailed Reports
3.1 By Hierarchy

1. Summary
----------

+--------------------------+--------------+
| Total On-Chip Power (W)  | 0.058        |
| Design Power Budget (W)  | Unspecified* |
| Power Budget Margin (W)  | NA           |
| Dynamic (W)              | 0.000        |
| Device Static (W)        | 0.058        |
| Effective TJA (C/W)      | 5.3          |
| Max Ambient (C)          | 84.7         |
| Junction Temperature (C) | 25.3         |
| Confidence Level         | High         |
| Setting File             | ---          |
| Simulation Activity File | ---          |
| Design Nets Matched      | NA           |
+--------------------------+--------------+
* Specify Design Power Budget using, set_operating_conditions -design_power_budget <value in Watts>


1.1 On-Chip Components
----------------------

+--------------+-----------+----------+-----------+-----------------+
| On-Chip      | Power (W) | Used     | Available | Utilization (%) |
+--------------+-----------+----------+-----------+-----------------+
| Clocks       |     0.000 |        3 |       --- |             --- |
| Slice Logic  |     0.000 |        1 |       --- |             --- |
|   Others     |     0.000 |        1 |       --- |             --- |
| I/O          |     0.000 |        1 |       150 |            0.67 |
| Static Power |     0.058 |          |           |                 |
| Total        |     0.058 |          |           |                 |
+--------------+-----------+----------+-----------+-----------------+


1.2 Power Supply Summary
------------------------

+-----------+-------------+-----------+-------------+------------+-------------+-------------+------------+
| Source    | Voltage (V) | Total (A) | Dynamic (A) | Static (A) | Powerup (A) | Budget (A)  | Margin (A) |
+-----------+-------------+-----------+-------------+------------+-------------+-------------+------------+
| Vccint    |       1.000 |     0.005 |       0.000 |      0.005 |       NA    | Unspecified | NA         |
| Vccaux    |       1.800 |     0.009 |       0.000 |      0.009 |       NA    | Unspecified | NA         |
| Vcco33    |       3.300 |     0.000 |       0.000 |      0.000 |       NA    | Unspecified | NA         |
| Vcco25    |       2.500 |     0.000 |       0.000 |      0.000 |       NA    | Unspecified | NA         |
| Vcco18    |       1.800 |     0.000 |       0.000 |      0.000 |       NA    | Unspecified | NA         |
| Vcco15    |       1.500 |     0.000 |       0.000 |      0.000 |       NA    | Unspecified | NA         |
| Vcco135   |       1.350 |     0.000 |       0.000 |      0.000 |       NA    | Unspecified | NA         |
| Vcco12    |       1.200 |     0.000 |       0.000 |      0.000 |       NA    | Unspecified | NA         |
| Vccaux_io |       1.800 |     0.000 |       0.000 |      0.000 |       NA    | Unspecified | NA         |
| Vccbram   |       1.000 |     0.000 |       0.000 |      0.000 |       NA    | Unspecified | NA         |
| Vccadc    |       1.800 |     0.020 |       0.000 |      0.020 |       NA    | Unspecified | NA         |
+-----------+-------------+-----------+-------------+------------+-------------+-------------+------------+


1.3 Confidence Level
--------------------

+-----------------------------+------------+------------------------------------------------+--------+
| User Input Data             | Confidence | Details                                        | Action |
+-----------------------------+------------+------------------------------------------------+--------+
| Design implementation state | High       | Design is routed                               |        |
| Clock nodes activity        | High       | User specified more than 95% of clocks         |        |
| I/O nodes activity          | High       | User specified more than 95% of inputs         |        |
| Internal nodes activity     | High       | User specified more than 25% of internal nodes |        |
| Device models               | High       | Device models are Production                   |        |
|                             |            |                                                |        |
| Overall confidence level    | High       |                                                |        |
+-----------------------------+------------+------------------------------------------------+--------+


2. Settings
-----------

2.1 Environment
---------------

+-----------------------+--------------------------+
| Ambient Temp (C)      | 25.0                     |
| ThetaJA (C/W)         | 5.3                      |
| Airflow (LFM)         | 250                      |
| Heat Sink             | medium (Medium Profile)  |
| ThetaSA (C/W)         | 4.6                      |
| Board Selection       | medium (10"x10")         |
| # of Board Layers     | 12to15 (12 to 15 Layers) |
| Board Temperature (C) | 25.0                     |
+-----------------------+--------------------------+


2.2 Clock Constraints
---------------------

+-------+--------+-----------------+
| Clock | Domain | Constraint (ns) |
+-------+--------+-----------------+


3. Detailed Reports
-------------------

3.1 By Hierarchy
----------------

+------+-----------+
| Name | Power (W) |
+------+-----------+


