Vivado Simulator v2021.1
Copyright 1986-1999, 2001-2021 Xilinx, Inc. All Rights Reserved.
Running: C:/Xilinx/Vivado/2021.1/bin/unwrapped/win64.o/xelab.exe -wto ae3d7a12ba054ebfa62b3c4a6b936b73 --incr --debug typical --relax --mt 2 -L xil_defaultlib -L unisims_ver -L unimacro_ver -L secureip --snapshot esfa_test_behav xil_defaultlib.esfa_test xil_defaultlib.glbl -log elaborate.log 
Using 2 slave threads.
Starting static elaboration
Pass Through NonSizing Optimizer
WARNING: [VRFC 10-3091] actual bit length 1 differs from formal bit length 8 for port 'resultValue' [C:/Users/justi/OneDrive/Documents/Vivado/ESFA/ESFA.srcs/sim_1/new/esfa_test.v:55]
WARNING: [VRFC 10-3091] actual bit length 8 differs from formal bit length 1 for port 'isMetadata' [C:/Users/justi/OneDrive/Documents/Vivado/ESFA/ESFA.srcs/sources_1/new/ESFADesign.v:119]
WARNING: [VRFC 10-3091] actual bit length 1 differs from formal bit length 8 for port 'resultValue' [C:/Users/justi/OneDrive/Documents/Vivado/ESFA/ESFA.srcs/sources_1/new/MemoryCell.v:62]
WARNING: [VRFC 10-3091] actual bit length 1 differs from formal bit length 8 for port 'resultValue' [C:/Users/justi/OneDrive/Documents/Vivado/ESFA/ESFA.srcs/sources_1/new/MemoryCell.v:65]
WARNING: [VRFC 10-3091] actual bit length 1 differs from formal bit length 8 for port 'resultValue' [C:/Users/justi/OneDrive/Documents/Vivado/ESFA/ESFA.srcs/sources_1/new/MemoryCell.v:68]
WARNING: [VRFC 10-3091] actual bit length 1 differs from formal bit length 8 for port 'resultValue' [C:/Users/justi/OneDrive/Documents/Vivado/ESFA/ESFA.srcs/sources_1/new/MemoryCell.v:71]
WARNING: [VRFC 10-3091] actual bit length 1 differs from formal bit length 8 for port 'resultValue' [C:/Users/justi/OneDrive/Documents/Vivado/ESFA/ESFA.srcs/sources_1/new/MemoryCell.v:74]
WARNING: [VRFC 10-3091] actual bit length 1 differs from formal bit length 8 for port 'resultValue' [C:/Users/justi/OneDrive/Documents/Vivado/ESFA/ESFA.srcs/sources_1/new/MemoryCell.v:77]
WARNING: [VRFC 10-3091] actual bit length 1 differs from formal bit length 8 for port 'resultValue' [C:/Users/justi/OneDrive/Documents/Vivado/ESFA/ESFA.srcs/sources_1/new/MemoryCell.v:80]
WARNING: [VRFC 10-3091] actual bit length 1 differs from formal bit length 8 for port 'resultValue' [C:/Users/justi/OneDrive/Documents/Vivado/ESFA/ESFA.srcs/sources_1/new/MemoryCell.v:83]
WARNING: [VRFC 10-3091] actual bit length 8 differs from formal bit length 1 for port 'isMetadata' [C:/Users/justi/OneDrive/Documents/Vivado/ESFA/ESFA.srcs/sources_1/new/ESFADesign.v:120]
WARNING: [VRFC 10-3091] actual bit length 8 differs from formal bit length 1 for port 'isMetadata' [C:/Users/justi/OneDrive/Documents/Vivado/ESFA/ESFA.srcs/sources_1/new/ESFADesign.v:121]
WARNING: [VRFC 10-3091] actual bit length 8 differs from formal bit length 1 for port 'isMetadata' [C:/Users/justi/OneDrive/Documents/Vivado/ESFA/ESFA.srcs/sources_1/new/ESFADesign.v:122]
WARNING: [VRFC 10-3091] actual bit length 8 differs from formal bit length 1 for port 'isMetadata' [C:/Users/justi/OneDrive/Documents/Vivado/ESFA/ESFA.srcs/sources_1/new/ESFADesign.v:123]
WARNING: [VRFC 10-3091] actual bit length 8 differs from formal bit length 1 for port 'isMetadata' [C:/Users/justi/OneDrive/Documents/Vivado/ESFA/ESFA.srcs/sources_1/new/ESFADesign.v:124]
WARNING: [VRFC 10-3091] actual bit length 8 differs from formal bit length 1 for port 'isMetadata' [C:/Users/justi/OneDrive/Documents/Vivado/ESFA/ESFA.srcs/sources_1/new/ESFADesign.v:125]
WARNING: [VRFC 10-3091] actual bit length 8 differs from formal bit length 1 for port 'isMetadata' [C:/Users/justi/OneDrive/Documents/Vivado/ESFA/ESFA.srcs/sources_1/new/ESFADesign.v:126]
WARNING: [VRFC 10-3091] actual bit length 1 differs from formal bit length 8 for port 'r_resultValue' [C:/Users/justi/OneDrive/Documents/Vivado/ESFA/ESFA.srcs/sources_1/new/ESFADesign.v:128]
WARNING: [VRFC 10-3091] actual bit length 1 differs from formal bit length 8 for port 'r_resultValue' [C:/Users/justi/OneDrive/Documents/Vivado/ESFA/ESFA.srcs/sources_1/new/ESFADesign.v:129]
WARNING: [VRFC 10-3091] actual bit length 1 differs from formal bit length 8 for port 'r_resultValue' [C:/Users/justi/OneDrive/Documents/Vivado/ESFA/ESFA.srcs/sources_1/new/ESFADesign.v:130]
WARNING: [VRFC 10-3091] actual bit length 1 differs from formal bit length 8 for port 'r_resultValue' [C:/Users/justi/OneDrive/Documents/Vivado/ESFA/ESFA.srcs/sources_1/new/ESFADesign.v:131]
WARNING: [VRFC 10-3091] actual bit length 1 differs from formal bit length 8 for port 'resultValue1' [C:/Users/justi/OneDrive/Documents/Vivado/ESFA/ESFA.srcs/sources_1/new/ESFADesign.v:132]
WARNING: [VRFC 10-3091] actual bit length 1 differs from formal bit length 8 for port 'resultValue1' [C:/Users/justi/OneDrive/Documents/Vivado/ESFA/ESFA.srcs/sources_1/new/ESFADesign.v:133]
WARNING: [VRFC 10-3091] actual bit length 1 differs from formal bit length 8 for port 'resultValue1' [C:/Users/justi/OneDrive/Documents/Vivado/ESFA/ESFA.srcs/sources_1/new/ESFADesign.v:134]
Completed static elaboration
Starting simulation data flow analysis
Completed simulation data flow analysis
Time Resolution for simulation is 1ps
Compiling module xil_defaultlib.assert
Compiling module xil_defaultlib.updateDesign
Compiling module xil_defaultlib.lookUpScan
Compiling module xil_defaultlib.lookUpFinalizer
Compiling module xil_defaultlib.encode
Compiling module xil_defaultlib.deleteDesign
Compiling module xil_defaultlib.congrueUpDesign
Compiling module xil_defaultlib.congrueDownDesign
Compiling module xil_defaultlib.markAvailableCell
Compiling module xil_defaultlib.MemoryCell
Compiling module xil_defaultlib.NodeCombinator
Compiling module xil_defaultlib.ESFADesign
Compiling module xil_defaultlib.esfa_test
Compiling module xil_defaultlib.glbl
Built simulation snapshot esfa_test_behav
